[debug] [2025-10-11T13:35:15.317Z] [Firebase Plugin] Activating Firebase extension.
[debug] [2025-10-11T13:35:21.254Z] [Firebase Plugin] requireAuthWrapper
[debug] [2025-10-11T13:35:21.255Z] > command requires scopes: ["email","openid","https://www.googleapis.com/auth/cloudplatformprojects.readonly","https://www.googleapis.com/auth/firebase","https://www.googleapis.com/auth/cloud-platform"]
[debug] [2025-10-11T13:35:21.255Z] > authorizing via signed-in user (ismail.moudden1@gmail.com)
[debug] [2025-10-11T13:35:21.257Z] Checked if tokens are valid: false, expires at: 1760044326585
[debug] [2025-10-11T13:35:21.257Z] Checked if tokens are valid: false, expires at: 1760044326585
[debug] [2025-10-11T13:35:21.257Z] > refreshing access token with scopes: []
[debug] [2025-10-11T13:35:21.258Z] >>> [apiv2][query] POST https://www.googleapis.com/oauth2/v3/token [none]
[debug] [2025-10-11T13:35:21.258Z] >>> [apiv2][body] POST https://www.googleapis.com/oauth2/v3/token [omitted]
[debug] [2025-10-11T13:35:21.262Z] [Firebase Plugin] VSCode notification server listening on port 40001
[debug] [2025-10-11T13:35:21.864Z] Object "" in "firebase.json" has unknown property: {"additionalProperty":"projects"}
[info] [Firebase Plugin] Starting Data Connect toolkit (version 2.14.0) on port 50001
[info] i  dataconnect: downloading dataconnect-emulator-2.14.0... {"metadata":{"emulator":{"name":"dataconnect"},"message":"downloading dataconnect-emulator-2.14.0..."}}
[debug] [2025-10-11T13:35:21.868Z] >>> [apiv2][query] GET https://storage.googleapis.com/firemat-preview-drop/emulator/dataconnect-emulator-macos-v2.14.0 
[debug] [2025-10-11T13:35:22.022Z] <<< [apiv2][status] POST https://www.googleapis.com/oauth2/v3/token 200
[debug] [2025-10-11T13:35:22.022Z] <<< [apiv2][body] POST https://www.googleapis.com/oauth2/v3/token [omitted]
[debug] [2025-10-11T13:35:22.034Z] [Firebase Plugin] User found:  ismail.moudden1@gmail.com
[info] [Firebase Plugin] (Core:Project) New user detected, fetching projects
[debug] [2025-10-11T13:35:22.035Z] Checked if tokens are valid: true, expires at: 1760193321023
[debug] [2025-10-11T13:35:22.035Z] >>> [apiv2][query] GET https://firebase.googleapis.com/v1beta1/projects pageSize=1000
[debug] [2025-10-11T13:35:22.215Z] <<< [apiv2][status] GET https://storage.googleapis.com/firemat-preview-drop/emulator/dataconnect-emulator-macos-v2.14.0 200
[debug] [2025-10-11T13:35:22.215Z] <<< [apiv2][body] GET https://storage.googleapis.com/firemat-preview-drop/emulator/dataconnect-emulator-macos-v2.14.0 [stream]
[debug] [2025-10-11T13:35:22.554Z] <<< [apiv2][status] GET https://firebase.googleapis.com/v1beta1/projects 200
[debug] [2025-10-11T13:35:22.554Z] <<< [apiv2][body] GET https://firebase.googleapis.com/v1beta1/projects [omitted]
[info] i  dataconnect: Removing outdated emulator files: dataconnect-emulator-2.13.0 {"metadata":{"emulator":{"name":"dataconnect"},"message":"Removing outdated emulator files: dataconnect-emulator-2.13.0"}}
[debug] [2025-10-11T13:35:29.732Z] 'fdc build' failed with error: Unable to build your Data Connect schema and connectors (exit code 1): E1011 15:35:29.727846   48563 cmd.go:43] Error loading data connect config: could not find dataconnect.yaml in `/Users/ismail/Desktop/Projets/eurekapp/dataconnect`
 {"metadata":{"emulator":{"name":"dataconnect"},"message":"'fdc build' failed with error: Unable to build your Data Connect schema and connectors (exit code 1): E1011 15:35:29.727846   48563 cmd.go:43] Error loading data connect config: could not find dataconnect.yaml in `/Users/ismail/Desktop/Projets/eurekapp/dataconnect`\n"}}
[debug] [2025-10-11T13:35:29.797Z] Ignoring unsupported arg: auto_download {"metadata":{"emulator":{"name":"dataconnect"},"message":"Ignoring unsupported arg: auto_download"}}
[debug] [2025-10-11T13:35:29.797Z] Ignoring unsupported arg: port {"metadata":{"emulator":{"name":"dataconnect"},"message":"Ignoring unsupported arg: port"}}
[debug] [2025-10-11T13:35:29.797Z] Starting Data Connect Emulator with command {"binary":"/Users/ismail/.cache/firebase/emulators/dataconnect-emulator-2.14.0","args":["--logtostderr","-v=2","dev","--listen=localhost:50001","--config_dir=/Users/ismail/Desktop/Projets/eurekapp/dataconnect","--enable_output_schema_extensions=true","--enable_output_generated_sdk=true"],"optionalArgs":["listen","config_dir","enable_output_schema_extensions","enable_output_generated_sdk"],"joinArgs":true,"shell":false,"port":9399} {"metadata":{"emulator":{"name":"dataconnect"},"message":"Starting Data Connect Emulator with command {\"binary\":\"/Users/ismail/.cache/firebase/emulators/dataconnect-emulator-2.14.0\",\"args\":[\"--logtostderr\",\"-v=2\",\"dev\",\"--listen=localhost:50001\",\"--config_dir=/Users/ismail/Desktop/Projets/eurekapp/dataconnect\",\"--enable_output_schema_extensions=true\",\"--enable_output_generated_sdk=true\"],\"optionalArgs\":[\"listen\",\"config_dir\",\"enable_output_schema_extensions\",\"enable_output_generated_sdk\"],\"joinArgs\":true,\"shell\":false,\"port\":9399}"}}
[info] i  dataconnect: Data Connect Emulator logging to dataconnect-debug.log {"metadata":{"emulator":{"name":"dataconnect"},"message":"Data Connect Emulator logging to dataconnect-debug.log"}}
[debug] [2025-10-11T13:35:30.120Z] E1011 15:35:30.118631   48566 dev.go:79] Failed to load initial config from "/Users/ismail/Desktop/Projets/eurekapp/dataconnect": could not find dataconnect.yaml in `/Users/ismail/Desktop/Projets/eurekapp/dataconnect`
 {"metadata":{"emulator":{"name":"dataconnect"},"message":"E1011 15:35:30.118631   48566 dev.go:79] Failed to load initial config from \"/Users/ismail/Desktop/Projets/eurekapp/dataconnect\": could not find dataconnect.yaml in `/Users/ismail/Desktop/Projets/eurekapp/dataconnect`\n"}}
[debug] [2025-10-11T13:35:30.122Z] E1011 15:35:30.122460   48566 watch.go:102] watchAllDir unable to walk dir `/Users/ismail/Desktop/Projets/eurekapp/dataconnect`: lstat /Users/ismail/Desktop/Projets/eurekapp/dataconnect: no such file or directory
 {"metadata":{"emulator":{"name":"dataconnect"},"message":"E1011 15:35:30.122460   48566 watch.go:102] watchAllDir unable to walk dir `/Users/ismail/Desktop/Projets/eurekapp/dataconnect`: lstat /Users/ismail/Desktop/Projets/eurekapp/dataconnect: no such file or directory\n"}}
[debug] [2025-10-11T13:35:30.127Z] I1011 15:35:30.127300   48566 dev.go:102] Listening on address (HTTP + gRPC): 127.0.0.1:50001
 {"metadata":{"emulator":{"name":"dataconnect"},"message":"I1011 15:35:30.127300   48566 dev.go:102] Listening on address (HTTP + gRPC): 127.0.0.1:50001\n"}}
[error] [Firebase Plugin] error:  {}
[debug] [2025-10-11T13:35:40.125Z] E1011 15:35:40.124580   48566 watch.go:31] Failed to load config from "/Users/ismail/Desktop/Projets/eurekapp/dataconnect": could not find dataconnect.yaml in `/Users/ismail/Desktop/Projets/eurekapp/dataconnect`
 {"metadata":{"emulator":{"name":"dataconnect"},"message":"E1011 15:35:40.124580   48566 watch.go:31] Failed to load config from \"/Users/ismail/Desktop/Projets/eurekapp/dataconnect\": could not find dataconnect.yaml in `/Users/ismail/Desktop/Projets/eurekapp/dataconnect`\n"}}
[debug] [2025-10-11T13:35:50.127Z] E1011 15:35:50.125894   48566 watch.go:31] Failed to load config from "/Users/ismail/Desktop/Projets/eurekapp/dataconnect": could not find dataconnect.yaml in `/Users/ismail/Desktop/Projets/eurekapp/dataconnect`
 {"metadata":{"emulator":{"name":"dataconnect"},"message":"E1011 15:35:50.125894   48566 watch.go:31] Failed to load config from \"/Users/ismail/Desktop/Projets/eurekapp/dataconnect\": could not find dataconnect.yaml in `/Users/ismail/Desktop/Projets/eurekapp/dataconnect`\n"}}
[debug] [2025-10-11T13:36:00.124Z] E1011 15:36:00.124054   48566 watch.go:31] Failed to load config from "/Users/ismail/Desktop/Projets/eurekapp/dataconnect": could not find dataconnect.yaml in `/Users/ismail/Desktop/Projets/eurekapp/dataconnect`
 {"metadata":{"emulator":{"name":"dataconnect"},"message":"E1011 15:36:00.124054   48566 watch.go:31] Failed to load config from \"/Users/ismail/Desktop/Projets/eurekapp/dataconnect\": could not find dataconnect.yaml in `/Users/ismail/Desktop/Projets/eurekapp/dataconnect`\n"}}
[debug] [2025-10-11T13:36:10.126Z] E1011 15:36:10.125872   48566 watch.go:31] Failed to load config from "/Users/ismail/Desktop/Projets/eurekapp/dataconnect": could not find dataconnect.yaml in `/Users/ismail/Desktop/Projets/eurekapp/dataconnect`
 {"metadata":{"emulator":{"name":"dataconnect"},"message":"E1011 15:36:10.125872   48566 watch.go:31] Failed to load config from \"/Users/ismail/Desktop/Projets/eurekapp/dataconnect\": could not find dataconnect.yaml in `/Users/ismail/Desktop/Projets/eurekapp/dataconnect`\n"}}
[debug] [2025-10-11T13:36:20.126Z] E1011 15:36:20.124603   48566 watch.go:31] Failed to load config from "/Users/ismail/Desktop/Projets/eurekapp/dataconnect": could not find dataconnect.yaml in `/Users/ismail/Desktop/Projets/eurekapp/dataconnect`
 {"metadata":{"emulator":{"name":"dataconnect"},"message":"E1011 15:36:20.124603   48566 watch.go:31] Failed to load config from \"/Users/ismail/Desktop/Projets/eurekapp/dataconnect\": could not find dataconnect.yaml in `/Users/ismail/Desktop/Projets/eurekapp/dataconnect`\n"}}
[debug] [2025-10-11T13:36:30.123Z] E1011 15:36:30.123139   48566 watch.go:31] Failed to load config from "/Users/ismail/Desktop/Projets/eurekapp/dataconnect": could not find dataconnect.yaml in `/Users/ismail/Desktop/Projets/eurekapp/dataconnect`
 {"metadata":{"emulator":{"name":"dataconnect"},"message":"E1011 15:36:30.123139   48566 watch.go:31] Failed to load config from \"/Users/ismail/Desktop/Projets/eurekapp/dataconnect\": could not find dataconnect.yaml in `/Users/ismail/Desktop/Projets/eurekapp/dataconnect`\n"}}
[debug] [2025-10-11T13:36:40.125Z] E1011 15:36:40.124557   48566 watch.go:31] Failed to load config from "/Users/ismail/Desktop/Projets/eurekapp/dataconnect": could not find dataconnect.yaml in `/Users/ismail/Desktop/Projets/eurekapp/dataconnect`
 {"metadata":{"emulator":{"name":"dataconnect"},"message":"E1011 15:36:40.124557   48566 watch.go:31] Failed to load config from \"/Users/ismail/Desktop/Projets/eurekapp/dataconnect\": could not find dataconnect.yaml in `/Users/ismail/Desktop/Projets/eurekapp/dataconnect`\n"}}
[debug] [2025-10-11T13:36:50.323Z] E1011 15:36:50.322958   48566 watch.go:31] Failed to load config from "/Users/ismail/Desktop/Projets/eurekapp/dataconnect": could not find dataconnect.yaml in `/Users/ismail/Desktop/Projets/eurekapp/dataconnect`
 {"metadata":{"emulator":{"name":"dataconnect"},"message":"E1011 15:36:50.322958   48566 watch.go:31] Failed to load config from \"/Users/ismail/Desktop/Projets/eurekapp/dataconnect\": could not find dataconnect.yaml in `/Users/ismail/Desktop/Projets/eurekapp/dataconnect`\n"}}
[debug] [2025-10-11T13:37:00.325Z] E1011 15:37:00.324839   48566 watch.go:31] Failed to load config from "/Users/ismail/Desktop/Projets/eurekapp/dataconnect": could not find dataconnect.yaml in `/Users/ismail/Desktop/Projets/eurekapp/dataconnect`
 {"metadata":{"emulator":{"name":"dataconnect"},"message":"E1011 15:37:00.324839   48566 watch.go:31] Failed to load config from \"/Users/ismail/Desktop/Projets/eurekapp/dataconnect\": could not find dataconnect.yaml in `/Users/ismail/Desktop/Projets/eurekapp/dataconnect`\n"}}
[debug] [2025-10-11T13:37:10.327Z] E1011 15:37:10.326575   48566 watch.go:31] Failed to load config from "/Users/ismail/Desktop/Projets/eurekapp/dataconnect": could not find dataconnect.yaml in `/Users/ismail/Desktop/Projets/eurekapp/dataconnect`
 {"metadata":{"emulator":{"name":"dataconnect"},"message":"E1011 15:37:10.326575   48566 watch.go:31] Failed to load config from \"/Users/ismail/Desktop/Projets/eurekapp/dataconnect\": could not find dataconnect.yaml in `/Users/ismail/Desktop/Projets/eurekapp/dataconnect`\n"}}
[debug] [2025-10-11T13:37:20.323Z] E1011 15:37:20.322807   48566 watch.go:31] Failed to load config from "/Users/ismail/Desktop/Projets/eurekapp/dataconnect": could not find dataconnect.yaml in `/Users/ismail/Desktop/Projets/eurekapp/dataconnect`
 {"metadata":{"emulator":{"name":"dataconnect"},"message":"E1011 15:37:20.322807   48566 watch.go:31] Failed to load config from \"/Users/ismail/Desktop/Projets/eurekapp/dataconnect\": could not find dataconnect.yaml in `/Users/ismail/Desktop/Projets/eurekapp/dataconnect`\n"}}
[debug] [2025-10-11T13:37:30.326Z] E1011 15:37:30.325611   48566 watch.go:31] Failed to load config from "/Users/ismail/Desktop/Projets/eurekapp/dataconnect": could not find dataconnect.yaml in `/Users/ismail/Desktop/Projets/eurekapp/dataconnect`
 {"metadata":{"emulator":{"name":"dataconnect"},"message":"E1011 15:37:30.325611   48566 watch.go:31] Failed to load config from \"/Users/ismail/Desktop/Projets/eurekapp/dataconnect\": could not find dataconnect.yaml in `/Users/ismail/Desktop/Projets/eurekapp/dataconnect`\n"}}
[debug] [2025-10-11T13:37:30.327Z] E1011 15:37:30.325944   48566 watch.go:102] watchAllDir unable to walk dir `/Users/ismail/Desktop/Projets/eurekapp/dataconnect`: lstat /Users/ismail/Desktop/Projets/eurekapp/dataconnect: no such file or directory
 {"metadata":{"emulator":{"name":"dataconnect"},"message":"E1011 15:37:30.325944   48566 watch.go:102] watchAllDir unable to walk dir `/Users/ismail/Desktop/Projets/eurekapp/dataconnect`: lstat /Users/ismail/Desktop/Projets/eurekapp/dataconnect: no such file or directory\n"}}
[debug] [2025-10-11T13:37:40.330Z] E1011 15:37:40.329816   48566 watch.go:31] Failed to load config from "/Users/ismail/Desktop/Projets/eurekapp/dataconnect": could not find dataconnect.yaml in `/Users/ismail/Desktop/Projets/eurekapp/dataconnect`
 {"metadata":{"emulator":{"name":"dataconnect"},"message":"E1011 15:37:40.329816   48566 watch.go:31] Failed to load config from \"/Users/ismail/Desktop/Projets/eurekapp/dataconnect\": could not find dataconnect.yaml in `/Users/ismail/Desktop/Projets/eurekapp/dataconnect`\n"}}
[debug] [2025-10-11T13:37:50.323Z] E1011 15:37:50.323553   48566 watch.go:31] Failed to load config from "/Users/ismail/Desktop/Projets/eurekapp/dataconnect": could not find dataconnect.yaml in `/Users/ismail/Desktop/Projets/eurekapp/dataconnect`
 {"metadata":{"emulator":{"name":"dataconnect"},"message":"E1011 15:37:50.323553   48566 watch.go:31] Failed to load config from \"/Users/ismail/Desktop/Projets/eurekapp/dataconnect\": could not find dataconnect.yaml in `/Users/ismail/Desktop/Projets/eurekapp/dataconnect`\n"}}
[debug] [2025-10-11T13:38:00.324Z] E1011 15:38:00.324093   48566 watch.go:31] Failed to load config from "/Users/ismail/Desktop/Projets/eurekapp/dataconnect": could not find dataconnect.yaml in `/Users/ismail/Desktop/Projets/eurekapp/dataconnect`
 {"metadata":{"emulator":{"name":"dataconnect"},"message":"E1011 15:38:00.324093   48566 watch.go:31] Failed to load config from \"/Users/ismail/Desktop/Projets/eurekapp/dataconnect\": could not find dataconnect.yaml in `/Users/ismail/Desktop/Projets/eurekapp/dataconnect`\n"}}
[debug] [2025-10-11T13:38:10.324Z] E1011 15:38:10.324352   48566 watch.go:31] Failed to load config from "/Users/ismail/Desktop/Projets/eurekapp/dataconnect": could not find dataconnect.yaml in `/Users/ismail/Desktop/Projets/eurekapp/dataconnect`
 {"metadata":{"emulator":{"name":"dataconnect"},"message":"E1011 15:38:10.324352   48566 watch.go:31] Failed to load config from \"/Users/ismail/Desktop/Projets/eurekapp/dataconnect\": could not find dataconnect.yaml in `/Users/ismail/Desktop/Projets/eurekapp/dataconnect`\n"}}
[debug] [2025-10-11T13:38:20.324Z] E1011 15:38:20.324598   48566 watch.go:31] Failed to load config from "/Users/ismail/Desktop/Projets/eurekapp/dataconnect": could not find dataconnect.yaml in `/Users/ismail/Desktop/Projets/eurekapp/dataconnect`
 {"metadata":{"emulator":{"name":"dataconnect"},"message":"E1011 15:38:20.324598   48566 watch.go:31] Failed to load config from \"/Users/ismail/Desktop/Projets/eurekapp/dataconnect\": could not find dataconnect.yaml in `/Users/ismail/Desktop/Projets/eurekapp/dataconnect`\n"}}
[debug] [2025-10-11T13:38:30.326Z] E1011 15:38:30.325674   48566 watch.go:31] Failed to load config from "/Users/ismail/Desktop/Projets/eurekapp/dataconnect": could not find dataconnect.yaml in `/Users/ismail/Desktop/Projets/eurekapp/dataconnect`
 {"metadata":{"emulator":{"name":"dataconnect"},"message":"E1011 15:38:30.325674   48566 watch.go:31] Failed to load config from \"/Users/ismail/Desktop/Projets/eurekapp/dataconnect\": could not find dataconnect.yaml in `/Users/ismail/Desktop/Projets/eurekapp/dataconnect`\n"}}
[debug] [2025-10-11T13:38:40.325Z] E1011 15:38:40.324966   48566 watch.go:31] Failed to load config from "/Users/ismail/Desktop/Projets/eurekapp/dataconnect": could not find dataconnect.yaml in `/Users/ismail/Desktop/Projets/eurekapp/dataconnect`
 {"metadata":{"emulator":{"name":"dataconnect"},"message":"E1011 15:38:40.324966   48566 watch.go:31] Failed to load config from \"/Users/ismail/Desktop/Projets/eurekapp/dataconnect\": could not find dataconnect.yaml in `/Users/ismail/Desktop/Projets/eurekapp/dataconnect`\n"}}
[debug] [2025-10-11T13:38:50.325Z] E1011 15:38:50.325149   48566 watch.go:31] Failed to load config from "/Users/ismail/Desktop/Projets/eurekapp/dataconnect": could not find dataconnect.yaml in `/Users/ismail/Desktop/Projets/eurekapp/dataconnect`
 {"metadata":{"emulator":{"name":"dataconnect"},"message":"E1011 15:38:50.325149   48566 watch.go:31] Failed to load config from \"/Users/ismail/Desktop/Projets/eurekapp/dataconnect\": could not find dataconnect.yaml in `/Users/ismail/Desktop/Projets/eurekapp/dataconnect`\n"}}
[debug] [2025-10-11T13:39:00.328Z] E1011 15:39:00.327326   48566 watch.go:31] Failed to load config from "/Users/ismail/Desktop/Projets/eurekapp/dataconnect": could not find dataconnect.yaml in `/Users/ismail/Desktop/Projets/eurekapp/dataconnect`
 {"metadata":{"emulator":{"name":"dataconnect"},"message":"E1011 15:39:00.327326   48566 watch.go:31] Failed to load config from \"/Users/ismail/Desktop/Projets/eurekapp/dataconnect\": could not find dataconnect.yaml in `/Users/ismail/Desktop/Projets/eurekapp/dataconnect`\n"}}
[debug] [2025-10-11T13:39:10.325Z] E1011 15:39:10.325302   48566 watch.go:31] Failed to load config from "/Users/ismail/Desktop/Projets/eurekapp/dataconnect": could not find dataconnect.yaml in `/Users/ismail/Desktop/Projets/eurekapp/dataconnect`
 {"metadata":{"emulator":{"name":"dataconnect"},"message":"E1011 15:39:10.325302   48566 watch.go:31] Failed to load config from \"/Users/ismail/Desktop/Projets/eurekapp/dataconnect\": could not find dataconnect.yaml in `/Users/ismail/Desktop/Projets/eurekapp/dataconnect`\n"}}
[debug] [2025-10-11T13:39:20.326Z] E1011 15:39:20.326166   48566 watch.go:31] Failed to load config from "/Users/ismail/Desktop/Projets/eurekapp/dataconnect": could not find dataconnect.yaml in `/Users/ismail/Desktop/Projets/eurekapp/dataconnect`
 {"metadata":{"emulator":{"name":"dataconnect"},"message":"E1011 15:39:20.326166   48566 watch.go:31] Failed to load config from \"/Users/ismail/Desktop/Projets/eurekapp/dataconnect\": could not find dataconnect.yaml in `/Users/ismail/Desktop/Projets/eurekapp/dataconnect`\n"}}
[debug] [2025-10-11T13:39:30.327Z] E1011 15:39:30.326514   48566 watch.go:31] Failed to load config from "/Users/ismail/Desktop/Projets/eurekapp/dataconnect": could not find dataconnect.yaml in `/Users/ismail/Desktop/Projets/eurekapp/dataconnect`
 {"metadata":{"emulator":{"name":"dataconnect"},"message":"E1011 15:39:30.326514   48566 watch.go:31] Failed to load config from \"/Users/ismail/Desktop/Projets/eurekapp/dataconnect\": could not find dataconnect.yaml in `/Users/ismail/Desktop/Projets/eurekapp/dataconnect`\n"}}
[debug] [2025-10-11T13:39:30.328Z] E1011 15:39:30.326838   48566 watch.go:102] watchAllDir unable to walk dir `/Users/ismail/Desktop/Projets/eurekapp/dataconnect`: lstat /Users/ismail/Desktop/Projets/eurekapp/dataconnect: no such file or directory
 {"metadata":{"emulator":{"name":"dataconnect"},"message":"E1011 15:39:30.326838   48566 watch.go:102] watchAllDir unable to walk dir `/Users/ismail/Desktop/Projets/eurekapp/dataconnect`: lstat /Users/ismail/Desktop/Projets/eurekapp/dataconnect: no such file or directory\n"}}
[debug] [2025-10-11T13:39:40.326Z] E1011 15:39:40.325860   48566 watch.go:31] Failed to load config from "/Users/ismail/Desktop/Projets/eurekapp/dataconnect": could not find dataconnect.yaml in `/Users/ismail/Desktop/Projets/eurekapp/dataconnect`
 {"metadata":{"emulator":{"name":"dataconnect"},"message":"E1011 15:39:40.325860   48566 watch.go:31] Failed to load config from \"/Users/ismail/Desktop/Projets/eurekapp/dataconnect\": could not find dataconnect.yaml in `/Users/ismail/Desktop/Projets/eurekapp/dataconnect`\n"}}
[debug] [2025-10-11T13:39:50.330Z] E1011 15:39:50.326208   48566 watch.go:31] Failed to load config from "/Users/ismail/Desktop/Projets/eurekapp/dataconnect": could not find dataconnect.yaml in `/Users/ismail/Desktop/Projets/eurekapp/dataconnect`
 {"metadata":{"emulator":{"name":"dataconnect"},"message":"E1011 15:39:50.326208   48566 watch.go:31] Failed to load config from \"/Users/ismail/Desktop/Projets/eurekapp/dataconnect\": could not find dataconnect.yaml in `/Users/ismail/Desktop/Projets/eurekapp/dataconnect`\n"}}
[debug] [2025-10-11T13:40:00.327Z] E1011 15:40:00.327052   48566 watch.go:31] Failed to load config from "/Users/ismail/Desktop/Projets/eurekapp/dataconnect": could not find dataconnect.yaml in `/Users/ismail/Desktop/Projets/eurekapp/dataconnect`
 {"metadata":{"emulator":{"name":"dataconnect"},"message":"E1011 15:40:00.327052   48566 watch.go:31] Failed to load config from \"/Users/ismail/Desktop/Projets/eurekapp/dataconnect\": could not find dataconnect.yaml in `/Users/ismail/Desktop/Projets/eurekapp/dataconnect`\n"}}
[debug] [2025-10-11T13:40:10.327Z] E1011 15:40:10.327080   48566 watch.go:31] Failed to load config from "/Users/ismail/Desktop/Projets/eurekapp/dataconnect": could not find dataconnect.yaml in `/Users/ismail/Desktop/Projets/eurekapp/dataconnect`
 {"metadata":{"emulator":{"name":"dataconnect"},"message":"E1011 15:40:10.327080   48566 watch.go:31] Failed to load config from \"/Users/ismail/Desktop/Projets/eurekapp/dataconnect\": could not find dataconnect.yaml in `/Users/ismail/Desktop/Projets/eurekapp/dataconnect`\n"}}
[debug] [2025-10-11T13:40:20.327Z] E1011 15:40:20.326964   48566 watch.go:31] Failed to load config from "/Users/ismail/Desktop/Projets/eurekapp/dataconnect": could not find dataconnect.yaml in `/Users/ismail/Desktop/Projets/eurekapp/dataconnect`
 {"metadata":{"emulator":{"name":"dataconnect"},"message":"E1011 15:40:20.326964   48566 watch.go:31] Failed to load config from \"/Users/ismail/Desktop/Projets/eurekapp/dataconnect\": could not find dataconnect.yaml in `/Users/ismail/Desktop/Projets/eurekapp/dataconnect`\n"}}
[debug] [2025-10-11T13:40:30.327Z] E1011 15:40:30.327445   48566 watch.go:31] Failed to load config from "/Users/ismail/Desktop/Projets/eurekapp/dataconnect": could not find dataconnect.yaml in `/Users/ismail/Desktop/Projets/eurekapp/dataconnect`
 {"metadata":{"emulator":{"name":"dataconnect"},"message":"E1011 15:40:30.327445   48566 watch.go:31] Failed to load config from \"/Users/ismail/Desktop/Projets/eurekapp/dataconnect\": could not find dataconnect.yaml in `/Users/ismail/Desktop/Projets/eurekapp/dataconnect`\n"}}
[debug] [2025-10-11T13:40:40.328Z] E1011 15:40:40.327778   48566 watch.go:31] Failed to load config from "/Users/ismail/Desktop/Projets/eurekapp/dataconnect": could not find dataconnect.yaml in `/Users/ismail/Desktop/Projets/eurekapp/dataconnect`
 {"metadata":{"emulator":{"name":"dataconnect"},"message":"E1011 15:40:40.327778   48566 watch.go:31] Failed to load config from \"/Users/ismail/Desktop/Projets/eurekapp/dataconnect\": could not find dataconnect.yaml in `/Users/ismail/Desktop/Projets/eurekapp/dataconnect`\n"}}
[debug] [2025-10-11T13:40:50.328Z] E1011 15:40:50.327950   48566 watch.go:31] Failed to load config from "/Users/ismail/Desktop/Projets/eurekapp/dataconnect": could not find dataconnect.yaml in `/Users/ismail/Desktop/Projets/eurekapp/dataconnect`
 {"metadata":{"emulator":{"name":"dataconnect"},"message":"E1011 15:40:50.327950   48566 watch.go:31] Failed to load config from \"/Users/ismail/Desktop/Projets/eurekapp/dataconnect\": could not find dataconnect.yaml in `/Users/ismail/Desktop/Projets/eurekapp/dataconnect`\n"}}
[debug] [2025-10-11T13:41:00.328Z] E1011 15:41:00.328181   48566 watch.go:31] Failed to load config from "/Users/ismail/Desktop/Projets/eurekapp/dataconnect": could not find dataconnect.yaml in `/Users/ismail/Desktop/Projets/eurekapp/dataconnect`
 {"metadata":{"emulator":{"name":"dataconnect"},"message":"E1011 15:41:00.328181   48566 watch.go:31] Failed to load config from \"/Users/ismail/Desktop/Projets/eurekapp/dataconnect\": could not find dataconnect.yaml in `/Users/ismail/Desktop/Projets/eurekapp/dataconnect`\n"}}
[debug] [2025-10-11T13:41:10.331Z] E1011 15:41:10.331107   48566 watch.go:31] Failed to load config from "/Users/ismail/Desktop/Projets/eurekapp/dataconnect": could not find dataconnect.yaml in `/Users/ismail/Desktop/Projets/eurekapp/dataconnect`
 {"metadata":{"emulator":{"name":"dataconnect"},"message":"E1011 15:41:10.331107   48566 watch.go:31] Failed to load config from \"/Users/ismail/Desktop/Projets/eurekapp/dataconnect\": could not find dataconnect.yaml in `/Users/ismail/Desktop/Projets/eurekapp/dataconnect`\n"}}
[debug] [2025-10-11T13:41:20.328Z] E1011 15:41:20.328319   48566 watch.go:31] Failed to load config from "/Users/ismail/Desktop/Projets/eurekapp/dataconnect": could not find dataconnect.yaml in `/Users/ismail/Desktop/Projets/eurekapp/dataconnect`
 {"metadata":{"emulator":{"name":"dataconnect"},"message":"E1011 15:41:20.328319   48566 watch.go:31] Failed to load config from \"/Users/ismail/Desktop/Projets/eurekapp/dataconnect\": could not find dataconnect.yaml in `/Users/ismail/Desktop/Projets/eurekapp/dataconnect`\n"}}
[debug] [2025-10-11T13:41:30.329Z] E1011 15:41:30.328715   48566 watch.go:31] Failed to load config from "/Users/ismail/Desktop/Projets/eurekapp/dataconnect": could not find dataconnect.yaml in `/Users/ismail/Desktop/Projets/eurekapp/dataconnect`
 {"metadata":{"emulator":{"name":"dataconnect"},"message":"E1011 15:41:30.328715   48566 watch.go:31] Failed to load config from \"/Users/ismail/Desktop/Projets/eurekapp/dataconnect\": could not find dataconnect.yaml in `/Users/ismail/Desktop/Projets/eurekapp/dataconnect`\n"}}
[debug] [2025-10-11T13:41:30.330Z] E1011 15:41:30.328842   48566 watch.go:102] watchAllDir unable to walk dir `/Users/ismail/Desktop/Projets/eurekapp/dataconnect`: lstat /Users/ismail/Desktop/Projets/eurekapp/dataconnect: no such file or directory
 {"metadata":{"emulator":{"name":"dataconnect"},"message":"E1011 15:41:30.328842   48566 watch.go:102] watchAllDir unable to walk dir `/Users/ismail/Desktop/Projets/eurekapp/dataconnect`: lstat /Users/ismail/Desktop/Projets/eurekapp/dataconnect: no such file or directory\n"}}
[debug] [2025-10-11T13:41:40.329Z] E1011 15:41:40.329276   48566 watch.go:31] Failed to load config from "/Users/ismail/Desktop/Projets/eurekapp/dataconnect": could not find dataconnect.yaml in `/Users/ismail/Desktop/Projets/eurekapp/dataconnect`
 {"metadata":{"emulator":{"name":"dataconnect"},"message":"E1011 15:41:40.329276   48566 watch.go:31] Failed to load config from \"/Users/ismail/Desktop/Projets/eurekapp/dataconnect\": could not find dataconnect.yaml in `/Users/ismail/Desktop/Projets/eurekapp/dataconnect`\n"}}
[debug] [2025-10-11T13:41:50.329Z] E1011 15:41:50.329282   48566 watch.go:31] Failed to load config from "/Users/ismail/Desktop/Projets/eurekapp/dataconnect": could not find dataconnect.yaml in `/Users/ismail/Desktop/Projets/eurekapp/dataconnect`
 {"metadata":{"emulator":{"name":"dataconnect"},"message":"E1011 15:41:50.329282   48566 watch.go:31] Failed to load config from \"/Users/ismail/Desktop/Projets/eurekapp/dataconnect\": could not find dataconnect.yaml in `/Users/ismail/Desktop/Projets/eurekapp/dataconnect`\n"}}
[debug] [2025-10-11T13:42:00.329Z] E1011 15:42:00.329247   48566 watch.go:31] Failed to load config from "/Users/ismail/Desktop/Projets/eurekapp/dataconnect": could not find dataconnect.yaml in `/Users/ismail/Desktop/Projets/eurekapp/dataconnect`
 {"metadata":{"emulator":{"name":"dataconnect"},"message":"E1011 15:42:00.329247   48566 watch.go:31] Failed to load config from \"/Users/ismail/Desktop/Projets/eurekapp/dataconnect\": could not find dataconnect.yaml in `/Users/ismail/Desktop/Projets/eurekapp/dataconnect`\n"}}
[debug] [2025-10-11T13:42:10.329Z] E1011 15:42:10.329574   48566 watch.go:31] Failed to load config from "/Users/ismail/Desktop/Projets/eurekapp/dataconnect": could not find dataconnect.yaml in `/Users/ismail/Desktop/Projets/eurekapp/dataconnect`
 {"metadata":{"emulator":{"name":"dataconnect"},"message":"E1011 15:42:10.329574   48566 watch.go:31] Failed to load config from \"/Users/ismail/Desktop/Projets/eurekapp/dataconnect\": could not find dataconnect.yaml in `/Users/ismail/Desktop/Projets/eurekapp/dataconnect`\n"}}
[debug] [2025-10-11T13:42:20.330Z] E1011 15:42:20.329840   48566 watch.go:31] Failed to load config from "/Users/ismail/Desktop/Projets/eurekapp/dataconnect": could not find dataconnect.yaml in `/Users/ismail/Desktop/Projets/eurekapp/dataconnect`
 {"metadata":{"emulator":{"name":"dataconnect"},"message":"E1011 15:42:20.329840   48566 watch.go:31] Failed to load config from \"/Users/ismail/Desktop/Projets/eurekapp/dataconnect\": could not find dataconnect.yaml in `/Users/ismail/Desktop/Projets/eurekapp/dataconnect`\n"}}
[debug] [2025-10-11T13:42:30.330Z] E1011 15:42:30.329645   48566 watch.go:31] Failed to load config from "/Users/ismail/Desktop/Projets/eurekapp/dataconnect": could not find dataconnect.yaml in `/Users/ismail/Desktop/Projets/eurekapp/dataconnect`
 {"metadata":{"emulator":{"name":"dataconnect"},"message":"E1011 15:42:30.329645   48566 watch.go:31] Failed to load config from \"/Users/ismail/Desktop/Projets/eurekapp/dataconnect\": could not find dataconnect.yaml in `/Users/ismail/Desktop/Projets/eurekapp/dataconnect`\n"}}
[debug] [2025-10-11T13:42:40.332Z] E1011 15:42:40.332108   48566 watch.go:31] Failed to load config from "/Users/ismail/Desktop/Projets/eurekapp/dataconnect": could not find dataconnect.yaml in `/Users/ismail/Desktop/Projets/eurekapp/dataconnect`
 {"metadata":{"emulator":{"name":"dataconnect"},"message":"E1011 15:42:40.332108   48566 watch.go:31] Failed to load config from \"/Users/ismail/Desktop/Projets/eurekapp/dataconnect\": could not find dataconnect.yaml in `/Users/ismail/Desktop/Projets/eurekapp/dataconnect`\n"}}
[debug] [2025-10-11T13:42:50.330Z] E1011 15:42:50.330547   48566 watch.go:31] Failed to load config from "/Users/ismail/Desktop/Projets/eurekapp/dataconnect": could not find dataconnect.yaml in `/Users/ismail/Desktop/Projets/eurekapp/dataconnect`
 {"metadata":{"emulator":{"name":"dataconnect"},"message":"E1011 15:42:50.330547   48566 watch.go:31] Failed to load config from \"/Users/ismail/Desktop/Projets/eurekapp/dataconnect\": could not find dataconnect.yaml in `/Users/ismail/Desktop/Projets/eurekapp/dataconnect`\n"}}
[debug] [2025-10-11T13:43:00.331Z] E1011 15:43:00.330814   48566 watch.go:31] Failed to load config from "/Users/ismail/Desktop/Projets/eurekapp/dataconnect": could not find dataconnect.yaml in `/Users/ismail/Desktop/Projets/eurekapp/dataconnect`
 {"metadata":{"emulator":{"name":"dataconnect"},"message":"E1011 15:43:00.330814   48566 watch.go:31] Failed to load config from \"/Users/ismail/Desktop/Projets/eurekapp/dataconnect\": could not find dataconnect.yaml in `/Users/ismail/Desktop/Projets/eurekapp/dataconnect`\n"}}
[debug] [2025-10-11T13:43:10.335Z] E1011 15:43:10.334957   48566 watch.go:31] Failed to load config from "/Users/ismail/Desktop/Projets/eurekapp/dataconnect": could not find dataconnect.yaml in `/Users/ismail/Desktop/Projets/eurekapp/dataconnect`
 {"metadata":{"emulator":{"name":"dataconnect"},"message":"E1011 15:43:10.334957   48566 watch.go:31] Failed to load config from \"/Users/ismail/Desktop/Projets/eurekapp/dataconnect\": could not find dataconnect.yaml in `/Users/ismail/Desktop/Projets/eurekapp/dataconnect`\n"}}
[debug] [2025-10-11T13:43:20.340Z] E1011 15:43:20.334624   48566 watch.go:31] Failed to load config from "/Users/ismail/Desktop/Projets/eurekapp/dataconnect": could not find dataconnect.yaml in `/Users/ismail/Desktop/Projets/eurekapp/dataconnect`
 {"metadata":{"emulator":{"name":"dataconnect"},"message":"E1011 15:43:20.334624   48566 watch.go:31] Failed to load config from \"/Users/ismail/Desktop/Projets/eurekapp/dataconnect\": could not find dataconnect.yaml in `/Users/ismail/Desktop/Projets/eurekapp/dataconnect`\n"}}
[debug] [2025-10-11T13:43:30.333Z] E1011 15:43:30.332794   48566 watch.go:31] Failed to load config from "/Users/ismail/Desktop/Projets/eurekapp/dataconnect": could not find dataconnect.yaml in `/Users/ismail/Desktop/Projets/eurekapp/dataconnect`
 {"metadata":{"emulator":{"name":"dataconnect"},"message":"E1011 15:43:30.332794   48566 watch.go:31] Failed to load config from \"/Users/ismail/Desktop/Projets/eurekapp/dataconnect\": could not find dataconnect.yaml in `/Users/ismail/Desktop/Projets/eurekapp/dataconnect`\n"}}
[debug] [2025-10-11T13:43:30.335Z] E1011 15:43:30.333048   48566 watch.go:102] watchAllDir unable to walk dir `/Users/ismail/Desktop/Projets/eurekapp/dataconnect`: lstat /Users/ismail/Desktop/Projets/eurekapp/dataconnect: no such file or directory
 {"metadata":{"emulator":{"name":"dataconnect"},"message":"E1011 15:43:30.333048   48566 watch.go:102] watchAllDir unable to walk dir `/Users/ismail/Desktop/Projets/eurekapp/dataconnect`: lstat /Users/ismail/Desktop/Projets/eurekapp/dataconnect: no such file or directory\n"}}
[debug] [2025-10-11T13:43:40.344Z] E1011 15:43:40.341458   48566 watch.go:31] Failed to load config from "/Users/ismail/Desktop/Projets/eurekapp/dataconnect": could not find dataconnect.yaml in `/Users/ismail/Desktop/Projets/eurekapp/dataconnect`
 {"metadata":{"emulator":{"name":"dataconnect"},"message":"E1011 15:43:40.341458   48566 watch.go:31] Failed to load config from \"/Users/ismail/Desktop/Projets/eurekapp/dataconnect\": could not find dataconnect.yaml in `/Users/ismail/Desktop/Projets/eurekapp/dataconnect`\n"}}
[debug] [2025-10-11T13:43:50.334Z] E1011 15:43:50.333953   48566 watch.go:31] Failed to load config from "/Users/ismail/Desktop/Projets/eurekapp/dataconnect": could not find dataconnect.yaml in `/Users/ismail/Desktop/Projets/eurekapp/dataconnect`
 {"metadata":{"emulator":{"name":"dataconnect"},"message":"E1011 15:43:50.333953   48566 watch.go:31] Failed to load config from \"/Users/ismail/Desktop/Projets/eurekapp/dataconnect\": could not find dataconnect.yaml in `/Users/ismail/Desktop/Projets/eurekapp/dataconnect`\n"}}
[debug] [2025-10-11T13:44:00.341Z] E1011 15:44:00.332276   48566 watch.go:31] Failed to load config from "/Users/ismail/Desktop/Projets/eurekapp/dataconnect": could not find dataconnect.yaml in `/Users/ismail/Desktop/Projets/eurekapp/dataconnect`
 {"metadata":{"emulator":{"name":"dataconnect"},"message":"E1011 15:44:00.332276   48566 watch.go:31] Failed to load config from \"/Users/ismail/Desktop/Projets/eurekapp/dataconnect\": could not find dataconnect.yaml in `/Users/ismail/Desktop/Projets/eurekapp/dataconnect`\n"}}
[debug] [2025-10-11T13:44:10.332Z] E1011 15:44:10.332523   48566 watch.go:31] Failed to load config from "/Users/ismail/Desktop/Projets/eurekapp/dataconnect": could not find dataconnect.yaml in `/Users/ismail/Desktop/Projets/eurekapp/dataconnect`
 {"metadata":{"emulator":{"name":"dataconnect"},"message":"E1011 15:44:10.332523   48566 watch.go:31] Failed to load config from \"/Users/ismail/Desktop/Projets/eurekapp/dataconnect\": could not find dataconnect.yaml in `/Users/ismail/Desktop/Projets/eurekapp/dataconnect`\n"}}
[debug] [2025-10-11T13:44:20.336Z] E1011 15:44:20.335378   48566 watch.go:31] Failed to load config from "/Users/ismail/Desktop/Projets/eurekapp/dataconnect": could not find dataconnect.yaml in `/Users/ismail/Desktop/Projets/eurekapp/dataconnect`
 {"metadata":{"emulator":{"name":"dataconnect"},"message":"E1011 15:44:20.335378   48566 watch.go:31] Failed to load config from \"/Users/ismail/Desktop/Projets/eurekapp/dataconnect\": could not find dataconnect.yaml in `/Users/ismail/Desktop/Projets/eurekapp/dataconnect`\n"}}
[debug] [2025-10-11T13:44:30.333Z] E1011 15:44:30.333037   48566 watch.go:31] Failed to load config from "/Users/ismail/Desktop/Projets/eurekapp/dataconnect": could not find dataconnect.yaml in `/Users/ismail/Desktop/Projets/eurekapp/dataconnect`
 {"metadata":{"emulator":{"name":"dataconnect"},"message":"E1011 15:44:30.333037   48566 watch.go:31] Failed to load config from \"/Users/ismail/Desktop/Projets/eurekapp/dataconnect\": could not find dataconnect.yaml in `/Users/ismail/Desktop/Projets/eurekapp/dataconnect`\n"}}
[debug] [2025-10-11T13:44:40.334Z] E1011 15:44:40.334237   48566 watch.go:31] Failed to load config from "/Users/ismail/Desktop/Projets/eurekapp/dataconnect": could not find dataconnect.yaml in `/Users/ismail/Desktop/Projets/eurekapp/dataconnect`
 {"metadata":{"emulator":{"name":"dataconnect"},"message":"E1011 15:44:40.334237   48566 watch.go:31] Failed to load config from \"/Users/ismail/Desktop/Projets/eurekapp/dataconnect\": could not find dataconnect.yaml in `/Users/ismail/Desktop/Projets/eurekapp/dataconnect`\n"}}
[debug] [2025-10-11T13:44:50.334Z] E1011 15:44:50.333835   48566 watch.go:31] Failed to load config from "/Users/ismail/Desktop/Projets/eurekapp/dataconnect": could not find dataconnect.yaml in `/Users/ismail/Desktop/Projets/eurekapp/dataconnect`
 {"metadata":{"emulator":{"name":"dataconnect"},"message":"E1011 15:44:50.333835   48566 watch.go:31] Failed to load config from \"/Users/ismail/Desktop/Projets/eurekapp/dataconnect\": could not find dataconnect.yaml in `/Users/ismail/Desktop/Projets/eurekapp/dataconnect`\n"}}
[debug] [2025-10-11T13:45:00.336Z] E1011 15:45:00.336263   48566 watch.go:31] Failed to load config from "/Users/ismail/Desktop/Projets/eurekapp/dataconnect": could not find dataconnect.yaml in `/Users/ismail/Desktop/Projets/eurekapp/dataconnect`
 {"metadata":{"emulator":{"name":"dataconnect"},"message":"E1011 15:45:00.336263   48566 watch.go:31] Failed to load config from \"/Users/ismail/Desktop/Projets/eurekapp/dataconnect\": could not find dataconnect.yaml in `/Users/ismail/Desktop/Projets/eurekapp/dataconnect`\n"}}
[debug] [2025-10-11T13:45:10.334Z] E1011 15:45:10.334091   48566 watch.go:31] Failed to load config from "/Users/ismail/Desktop/Projets/eurekapp/dataconnect": could not find dataconnect.yaml in `/Users/ismail/Desktop/Projets/eurekapp/dataconnect`
 {"metadata":{"emulator":{"name":"dataconnect"},"message":"E1011 15:45:10.334091   48566 watch.go:31] Failed to load config from \"/Users/ismail/Desktop/Projets/eurekapp/dataconnect\": could not find dataconnect.yaml in `/Users/ismail/Desktop/Projets/eurekapp/dataconnect`\n"}}
[debug] [2025-10-11T13:45:20.335Z] E1011 15:45:20.334918   48566 watch.go:31] Failed to load config from "/Users/ismail/Desktop/Projets/eurekapp/dataconnect": could not find dataconnect.yaml in `/Users/ismail/Desktop/Projets/eurekapp/dataconnect`
 {"metadata":{"emulator":{"name":"dataconnect"},"message":"E1011 15:45:20.334918   48566 watch.go:31] Failed to load config from \"/Users/ismail/Desktop/Projets/eurekapp/dataconnect\": could not find dataconnect.yaml in `/Users/ismail/Desktop/Projets/eurekapp/dataconnect`\n"}}
[debug] [2025-10-11T13:45:30.335Z] E1011 15:45:30.335011   48566 watch.go:31] Failed to load config from "/Users/ismail/Desktop/Projets/eurekapp/dataconnect": could not find dataconnect.yaml in `/Users/ismail/Desktop/Projets/eurekapp/dataconnect`
 {"metadata":{"emulator":{"name":"dataconnect"},"message":"E1011 15:45:30.335011   48566 watch.go:31] Failed to load config from \"/Users/ismail/Desktop/Projets/eurekapp/dataconnect\": could not find dataconnect.yaml in `/Users/ismail/Desktop/Projets/eurekapp/dataconnect`\n"}}
[debug] [2025-10-11T13:45:30.337Z] E1011 15:45:30.335325   48566 watch.go:102] watchAllDir unable to walk dir `/Users/ismail/Desktop/Projets/eurekapp/dataconnect`: lstat /Users/ismail/Desktop/Projets/eurekapp/dataconnect: no such file or directory
 {"metadata":{"emulator":{"name":"dataconnect"},"message":"E1011 15:45:30.335325   48566 watch.go:102] watchAllDir unable to walk dir `/Users/ismail/Desktop/Projets/eurekapp/dataconnect`: lstat /Users/ismail/Desktop/Projets/eurekapp/dataconnect: no such file or directory\n"}}
[debug] [2025-10-11T13:45:40.337Z] E1011 15:45:40.336059   48566 watch.go:31] Failed to load config from "/Users/ismail/Desktop/Projets/eurekapp/dataconnect": could not find dataconnect.yaml in `/Users/ismail/Desktop/Projets/eurekapp/dataconnect`
 {"metadata":{"emulator":{"name":"dataconnect"},"message":"E1011 15:45:40.336059   48566 watch.go:31] Failed to load config from \"/Users/ismail/Desktop/Projets/eurekapp/dataconnect\": could not find dataconnect.yaml in `/Users/ismail/Desktop/Projets/eurekapp/dataconnect`\n"}}
[debug] [2025-10-11T13:45:50.337Z] E1011 15:45:50.336863   48566 watch.go:31] Failed to load config from "/Users/ismail/Desktop/Projets/eurekapp/dataconnect": could not find dataconnect.yaml in `/Users/ismail/Desktop/Projets/eurekapp/dataconnect`
 {"metadata":{"emulator":{"name":"dataconnect"},"message":"E1011 15:45:50.336863   48566 watch.go:31] Failed to load config from \"/Users/ismail/Desktop/Projets/eurekapp/dataconnect\": could not find dataconnect.yaml in `/Users/ismail/Desktop/Projets/eurekapp/dataconnect`\n"}}
[debug] [2025-10-11T13:46:00.336Z] E1011 15:46:00.335673   48566 watch.go:31] Failed to load config from "/Users/ismail/Desktop/Projets/eurekapp/dataconnect": could not find dataconnect.yaml in `/Users/ismail/Desktop/Projets/eurekapp/dataconnect`
 {"metadata":{"emulator":{"name":"dataconnect"},"message":"E1011 15:46:00.335673   48566 watch.go:31] Failed to load config from \"/Users/ismail/Desktop/Projets/eurekapp/dataconnect\": could not find dataconnect.yaml in `/Users/ismail/Desktop/Projets/eurekapp/dataconnect`\n"}}
[debug] [2025-10-11T13:46:10.340Z] E1011 15:46:10.340373   48566 watch.go:31] Failed to load config from "/Users/ismail/Desktop/Projets/eurekapp/dataconnect": could not find dataconnect.yaml in `/Users/ismail/Desktop/Projets/eurekapp/dataconnect`
 {"metadata":{"emulator":{"name":"dataconnect"},"message":"E1011 15:46:10.340373   48566 watch.go:31] Failed to load config from \"/Users/ismail/Desktop/Projets/eurekapp/dataconnect\": could not find dataconnect.yaml in `/Users/ismail/Desktop/Projets/eurekapp/dataconnect`\n"}}
[debug] [2025-10-11T13:46:20.338Z] E1011 15:46:20.337104   48566 watch.go:31] Failed to load config from "/Users/ismail/Desktop/Projets/eurekapp/dataconnect": could not find dataconnect.yaml in `/Users/ismail/Desktop/Projets/eurekapp/dataconnect`
 {"metadata":{"emulator":{"name":"dataconnect"},"message":"E1011 15:46:20.337104   48566 watch.go:31] Failed to load config from \"/Users/ismail/Desktop/Projets/eurekapp/dataconnect\": could not find dataconnect.yaml in `/Users/ismail/Desktop/Projets/eurekapp/dataconnect`\n"}}
[debug] [2025-10-11T13:46:30.336Z] E1011 15:46:30.335912   48566 watch.go:31] Failed to load config from "/Users/ismail/Desktop/Projets/eurekapp/dataconnect": could not find dataconnect.yaml in `/Users/ismail/Desktop/Projets/eurekapp/dataconnect`
 {"metadata":{"emulator":{"name":"dataconnect"},"message":"E1011 15:46:30.335912   48566 watch.go:31] Failed to load config from \"/Users/ismail/Desktop/Projets/eurekapp/dataconnect\": could not find dataconnect.yaml in `/Users/ismail/Desktop/Projets/eurekapp/dataconnect`\n"}}
[debug] [2025-10-11T13:46:40.336Z] E1011 15:46:40.336383   48566 watch.go:31] Failed to load config from "/Users/ismail/Desktop/Projets/eurekapp/dataconnect": could not find dataconnect.yaml in `/Users/ismail/Desktop/Projets/eurekapp/dataconnect`
 {"metadata":{"emulator":{"name":"dataconnect"},"message":"E1011 15:46:40.336383   48566 watch.go:31] Failed to load config from \"/Users/ismail/Desktop/Projets/eurekapp/dataconnect\": could not find dataconnect.yaml in `/Users/ismail/Desktop/Projets/eurekapp/dataconnect`\n"}}
[debug] [2025-10-11T13:46:50.336Z] E1011 15:46:50.336678   48566 watch.go:31] Failed to load config from "/Users/ismail/Desktop/Projets/eurekapp/dataconnect": could not find dataconnect.yaml in `/Users/ismail/Desktop/Projets/eurekapp/dataconnect`
 {"metadata":{"emulator":{"name":"dataconnect"},"message":"E1011 15:46:50.336678   48566 watch.go:31] Failed to load config from \"/Users/ismail/Desktop/Projets/eurekapp/dataconnect\": could not find dataconnect.yaml in `/Users/ismail/Desktop/Projets/eurekapp/dataconnect`\n"}}
